<?xml version="1.0" encoding="UTF-8"?>
<!-- Generated by org.testng.reporters.JUnitReportReporter -->
<testsuite hostname="P0136963" failures="0" tests="3" name="com.kraft.qa.testcases.LoginPageTest" time="28.960" errors="0" timestamp="17 Jul 2019 10:18:10 GMT" skipped="0">
  <testcase classname="com.kraft.qa.testcases.LoginPageTest" name="loginPageTitleTest" time="8.781"/>
  <testcase classname="com.kraft.qa.testcases.LoginPageTest" name="loginPageLogoTest" time="8.846"/>
  <testcase classname="com.kraft.qa.testcases.LoginPageTest" name="loginTest" time="11.333"/>
</testsuite> <!-- com.kraft.qa.testcases.LoginPageTest -->
